0 verbose cli [ '/usr/bin/node', '/usr/bin/npm', 'install', 'mocha' ]
1 info using npm@8.5.1
2 info using node@v12.22.9
3 timing npm:load:whichnode Completed in 0ms
4 timing config:load:defaults Completed in 2ms
5 timing config:load:file:/usr/share/nodejs/npm/npmrc Completed in 2ms
6 timing config:load:builtin Completed in 3ms
7 timing config:load:cli Completed in 2ms
8 timing config:load:env Completed in 0ms
9 timing config:load:project Completed in 2ms
10 timing config:load:file:/home/michael/.npmrc Completed in 0ms
11 timing config:load:user Completed in 0ms
12 timing config:load:file:/etc/npmrc Completed in 0ms
13 timing config:load:global Completed in 0ms
14 timing config:load:validate Completed in 1ms
15 timing config:load:credentials Completed in 1ms
16 timing config:load:setEnvs Completed in 1ms
17 timing config:load Completed in 12ms
18 timing npm:load:configload Completed in 12ms
19 timing npm:load:setTitle Completed in 0ms
20 timing config:load:flatten Completed in 4ms
21 timing npm:load:display Completed in 6ms
22 verbose logfile /home/michael/.npm/_logs/2024-09-20T22_54_56_783Z-debug-0.log
23 timing npm:load:logFile Completed in 7ms
24 timing npm:load:timers Completed in 0ms
25 timing npm:load:configScope Completed in 0ms
26 timing npm:load Completed in 26ms
27 timing arborist:ctor Completed in 1ms
28 silly logfile start cleaning logs, removing 3 files
29 timing idealTree:init Completed in 51ms
30 timing idealTree:userRequests Completed in 3ms
31 silly idealTree buildDeps
32 silly fetch manifest mocha@*
33 timing arborist:ctor Completed in 0ms
34 http fetch GET 200 https://registry.npmjs.org/mocha 387ms (cache miss)
35 silly placeDep ROOT mocha@10.7.3 OK for:  want: *
36 silly fetch manifest ansi-colors@^4.1.3
37 silly fetch manifest browser-stdout@^1.3.1
38 silly fetch manifest chokidar@^3.5.3
39 silly fetch manifest debug@^4.3.5
40 silly fetch manifest diff@^5.2.0
41 silly fetch manifest escape-string-regexp@^4.0.0
42 silly fetch manifest find-up@^5.0.0
43 silly fetch manifest glob@^8.1.0
44 silly fetch manifest he@^1.2.0
45 silly fetch manifest js-yaml@^4.1.0
46 silly fetch manifest log-symbols@^4.1.0
47 silly fetch manifest minimatch@^5.1.6
48 silly fetch manifest ms@^2.1.3
49 silly fetch manifest serialize-javascript@^6.0.2
50 silly fetch manifest strip-json-comments@^3.1.1
51 silly fetch manifest supports-color@^8.1.1
52 silly fetch manifest workerpool@^6.5.1
53 silly fetch manifest yargs@^16.2.0
54 silly fetch manifest yargs-parser@^20.2.9
55 silly fetch manifest yargs-unparser@^2.0.0
56 http fetch GET 200 https://registry.npmjs.org/ansi-colors 297ms (cache miss)
57 http fetch GET 200 https://registry.npmjs.org/browser-stdout 321ms (cache miss)
58 http fetch GET 200 https://registry.npmjs.org/find-up 327ms (cache miss)
59 http fetch GET 200 https://registry.npmjs.org/he 325ms (cache miss)
60 http fetch GET 200 https://registry.npmjs.org/supports-color 312ms (cache miss)
61 http fetch GET 200 https://registry.npmjs.org/ms 322ms (cache miss)
62 http fetch GET 200 https://registry.npmjs.org/log-symbols 330ms (cache miss)
63 http fetch GET 200 https://registry.npmjs.org/strip-json-comments 321ms (cache miss)
64 http fetch GET 200 https://registry.npmjs.org/workerpool 320ms (cache miss)
65 http fetch GET 200 https://registry.npmjs.org/diff 351ms (cache miss)
66 http fetch GET 200 https://registry.npmjs.org/serialize-javascript 336ms (cache miss)
67 http fetch GET 200 https://registry.npmjs.org/yargs-unparser 325ms (cache miss)
68 http fetch GET 200 https://registry.npmjs.org/js-yaml 366ms (cache miss)
69 http fetch GET 200 https://registry.npmjs.org/escape-string-regexp 379ms (cache miss)
70 http fetch GET 200 https://registry.npmjs.org/debug 390ms (cache miss)
71 http fetch GET 200 https://registry.npmjs.org/chokidar 395ms (cache miss)
72 http fetch GET 200 https://registry.npmjs.org/yargs 367ms (cache miss)
73 http fetch GET 200 https://registry.npmjs.org/yargs-parser 375ms (cache miss)
74 http fetch GET 200 https://registry.npmjs.org/glob 404ms (cache miss)
75 http fetch GET 200 https://registry.npmjs.org/minimatch 401ms (cache miss)
76 timing idealTree:#root Completed in 838ms
77 silly placeDep ROOT ansi-colors@4.1.3 OK for: mocha@10.7.3 want: ^4.1.3
78 silly placeDep ROOT browser-stdout@1.3.1 OK for: mocha@10.7.3 want: ^1.3.1
79 silly placeDep ROOT chokidar@3.6.0 OK for: mocha@10.7.3 want: ^3.5.3
80 silly placeDep ROOT debug@4.3.7 OK for: mocha@10.7.3 want: ^4.3.5
81 silly placeDep ROOT diff@5.2.0 OK for: mocha@10.7.3 want: ^5.2.0
82 silly placeDep ROOT escape-string-regexp@4.0.0 OK for: mocha@10.7.3 want: ^4.0.0
83 silly placeDep ROOT find-up@5.0.0 OK for: mocha@10.7.3 want: ^5.0.0
84 silly placeDep ROOT glob@8.1.0 OK for: mocha@10.7.3 want: ^8.1.0
85 silly placeDep ROOT he@1.2.0 OK for: mocha@10.7.3 want: ^1.2.0
86 silly placeDep ROOT js-yaml@4.1.0 OK for: mocha@10.7.3 want: ^4.1.0
87 silly placeDep ROOT log-symbols@4.1.0 OK for: mocha@10.7.3 want: ^4.1.0
88 silly placeDep ROOT minimatch@5.1.6 OK for: mocha@10.7.3 want: ^5.1.6
89 silly placeDep ROOT ms@2.1.3 OK for: mocha@10.7.3 want: ^2.1.3
90 silly placeDep ROOT serialize-javascript@6.0.2 OK for: mocha@10.7.3 want: ^6.0.2
91 silly placeDep ROOT strip-json-comments@3.1.1 OK for: mocha@10.7.3 want: ^3.1.1
92 silly placeDep ROOT supports-color@8.1.1 OK for: mocha@10.7.3 want: ^8.1.1
93 silly placeDep ROOT workerpool@6.5.1 OK for: mocha@10.7.3 want: ^6.5.1
94 silly placeDep ROOT yargs@16.2.0 OK for: mocha@10.7.3 want: ^16.2.0
95 silly placeDep ROOT yargs-parser@20.2.9 OK for: mocha@10.7.3 want: ^20.2.9
96 silly placeDep ROOT yargs-unparser@2.0.0 OK for: mocha@10.7.3 want: ^2.0.0
97 silly fetch manifest braces@~3.0.2
98 silly fetch manifest is-glob@~4.0.1
99 silly fetch manifest anymatch@~3.1.2
100 silly fetch manifest readdirp@~3.6.0
101 silly fetch manifest glob-parent@~5.1.2
102 silly fetch manifest is-binary-path@~2.1.0
103 silly fetch manifest normalize-path@~3.0.0
104 silly fetch manifest fsevents@~2.3.2
105 silly fetch manifest locate-path@^6.0.0
106 silly fetch manifest path-exists@^4.0.0
107 silly fetch manifest once@^1.3.0
108 silly fetch manifest inflight@^1.0.4
109 silly fetch manifest inherits@2
110 silly fetch manifest fs.realpath@^1.0.0
111 silly fetch manifest argparse@^2.0.1
112 silly fetch manifest chalk@^4.1.0
113 silly fetch manifest is-unicode-supported@^0.1.0
114 silly fetch manifest brace-expansion@^2.0.1
115 silly fetch manifest randombytes@^2.1.0
116 silly fetch manifest has-flag@^4.0.0
117 silly fetch manifest y18n@^5.0.5
118 silly fetch manifest cliui@^7.0.2
119 silly fetch manifest escalade@^3.1.1
120 silly fetch manifest string-width@^4.2.0
121 silly fetch manifest get-caller-file@^2.0.5
122 silly fetch manifest require-directory@^2.1.1
123 silly fetch manifest camelcase@^6.0.0
124 silly fetch manifest decamelize@^4.0.0
125 silly fetch manifest flat@^5.0.2
126 silly fetch manifest is-plain-obj@^2.1.0
127 http fetch GET 200 https://registry.npmjs.org/normalize-path 231ms (cache miss)
128 http fetch GET 200 https://registry.npmjs.org/path-exists 232ms (cache miss)
129 http fetch GET 200 https://registry.npmjs.org/fs.realpath 228ms (cache miss)
130 http fetch GET 200 https://registry.npmjs.org/locate-path 242ms (cache miss)
131 http fetch GET 200 https://registry.npmjs.org/randombytes 234ms (cache miss)
132 http fetch GET 200 https://registry.npmjs.org/is-binary-path 250ms (cache miss)
133 http fetch GET 200 https://registry.npmjs.org/inflight 244ms (cache miss)
134 http fetch GET 200 https://registry.npmjs.org/brace-expansion 239ms (cache miss)
135 http fetch GET 200 https://registry.npmjs.org/is-unicode-supported 240ms (cache miss)
136 http fetch GET 200 https://registry.npmjs.org/require-directory 232ms (cache miss)
137 http fetch GET 200 https://registry.npmjs.org/once 249ms (cache miss)
138 http fetch GET 200 https://registry.npmjs.org/has-flag 240ms (cache miss)
139 http fetch GET 200 https://registry.npmjs.org/inherits 250ms (cache miss)
140 http fetch GET 200 https://registry.npmjs.org/is-glob 266ms (cache miss)
141 http fetch GET 200 https://registry.npmjs.org/anymatch 268ms (cache miss)
142 http fetch GET 200 https://registry.npmjs.org/escalade 246ms (cache miss)
143 http fetch GET 200 https://registry.npmjs.org/camelcase 246ms (cache miss)
144 http fetch GET 200 https://registry.npmjs.org/string-width 252ms (cache miss)
145 http fetch GET 200 https://registry.npmjs.org/chalk 263ms (cache miss)
146 http fetch GET 200 https://registry.npmjs.org/argparse 266ms (cache miss)
147 http fetch GET 200 https://registry.npmjs.org/decamelize 253ms (cache miss)
148 http fetch GET 200 https://registry.npmjs.org/get-caller-file 257ms (cache miss)
149 http fetch GET 200 https://registry.npmjs.org/glob-parent 280ms (cache miss)
150 http fetch GET 200 https://registry.npmjs.org/flat 251ms (cache miss)
151 http fetch GET 200 https://registry.npmjs.org/y18n 264ms (cache miss)
152 http fetch GET 200 https://registry.npmjs.org/is-plain-obj 251ms (cache miss)
153 http fetch GET 200 https://registry.npmjs.org/cliui 264ms (cache miss)
154 http fetch GET 200 https://registry.npmjs.org/readdirp 286ms (cache miss)
155 http fetch GET 200 https://registry.npmjs.org/braces 293ms (cache miss)
156 http fetch GET 200 https://registry.npmjs.org/fsevents 285ms (cache miss)
157 timing idealTree:node_modules/mocha Completed in 357ms
158 timing idealTree:node_modules/ansi-colors Completed in 0ms
159 timing idealTree:node_modules/browser-stdout Completed in 0ms
160 silly placeDep ROOT anymatch@3.1.3 OK for: chokidar@3.6.0 want: ~3.1.2
161 silly placeDep ROOT braces@3.0.3 OK for: chokidar@3.6.0 want: ~3.0.2
162 silly placeDep ROOT fsevents@2.3.3 OK for: chokidar@3.6.0 want: ~2.3.2
163 silly placeDep ROOT glob-parent@5.1.2 OK for: chokidar@3.6.0 want: ~5.1.2
164 silly placeDep ROOT is-binary-path@2.1.0 OK for: chokidar@3.6.0 want: ~2.1.0
165 silly placeDep ROOT is-glob@4.0.3 OK for: chokidar@3.6.0 want: ~4.0.1
166 silly placeDep ROOT normalize-path@3.0.0 OK for: chokidar@3.6.0 want: ~3.0.0
167 silly placeDep ROOT readdirp@3.6.0 OK for: chokidar@3.6.0 want: ~3.6.0
168 silly fetch manifest picomatch@^2.0.4
169 silly fetch manifest fill-range@^7.1.1
170 silly fetch manifest binary-extensions@^2.0.0
171 silly fetch manifest is-extglob@^2.1.1
172 silly fetch manifest picomatch@^2.2.1
173 http fetch GET 200 https://registry.npmjs.org/is-extglob 65ms (cache miss)
174 http fetch GET 200 https://registry.npmjs.org/fill-range 71ms (cache miss)
175 http fetch GET 200 https://registry.npmjs.org/picomatch 73ms (cache miss)
176 http fetch GET 200 https://registry.npmjs.org/binary-extensions 74ms (cache miss)
177 timing idealTree:node_modules/chokidar Completed in 98ms
178 silly placeDep ROOT picomatch@2.3.1 OK for: anymatch@3.1.3 want: ^2.0.4
179 timing idealTree:node_modules/anymatch Completed in 2ms
180 silly placeDep ROOT fill-range@7.1.1 OK for: braces@3.0.3 want: ^7.1.1
181 silly fetch manifest to-regex-range@^5.0.1
182 http fetch GET 200 https://registry.npmjs.org/to-regex-range 49ms (cache miss)
183 timing idealTree:node_modules/braces Completed in 53ms
184 timing idealTree:node_modules/debug Completed in 0ms
185 timing idealTree:node_modules/diff Completed in 0ms
186 timing idealTree:node_modules/escape-string-regexp Completed in 0ms
187 silly placeDep ROOT to-regex-range@5.0.1 OK for: fill-range@7.1.1 want: ^5.0.1
188 silly fetch manifest is-number@^7.0.0
189 http fetch GET 200 https://registry.npmjs.org/is-number 38ms (cache miss)
190 timing idealTree:node_modules/fill-range Completed in 42ms
191 silly placeDep ROOT locate-path@6.0.0 OK for: find-up@5.0.0 want: ^6.0.0
192 silly placeDep ROOT path-exists@4.0.0 OK for: find-up@5.0.0 want: ^4.0.0
193 silly fetch manifest p-locate@^5.0.0
194 http fetch GET 200 https://registry.npmjs.org/p-locate 40ms (cache miss)
195 timing idealTree:node_modules/find-up Completed in 46ms
196 timing idealTree:node_modules/fsevents Completed in 0ms
197 silly placeDep ROOT fs.realpath@1.0.0 OK for: glob@8.1.0 want: ^1.0.0
198 silly placeDep ROOT inflight@1.0.6 OK for: glob@8.1.0 want: ^1.0.4
199 silly placeDep ROOT inherits@2.0.4 OK for: glob@8.1.0 want: 2
200 silly placeDep ROOT once@1.4.0 OK for: glob@8.1.0 want: ^1.3.0
201 silly fetch manifest wrappy@1
202 http fetch GET 200 https://registry.npmjs.org/wrappy 38ms (cache miss)
203 timing idealTree:node_modules/glob Completed in 49ms
204 timing idealTree:node_modules/fs.realpath Completed in 0ms
205 timing idealTree:node_modules/glob-parent Completed in 0ms
206 timing idealTree:node_modules/he Completed in 0ms
207 silly placeDep ROOT wrappy@1.0.2 OK for: inflight@1.0.6 want: 1
208 timing idealTree:node_modules/inflight Completed in 3ms
209 timing idealTree:node_modules/inherits Completed in 0ms
210 silly placeDep ROOT binary-extensions@2.3.0 OK for: is-binary-path@2.1.0 want: ^2.0.0
211 timing idealTree:node_modules/is-binary-path Completed in 3ms
212 timing idealTree:node_modules/binary-extensions Completed in 0ms
213 silly placeDep ROOT is-extglob@2.1.1 OK for: is-glob@4.0.3 want: ^2.1.1
214 timing idealTree:node_modules/is-glob Completed in 1ms
215 timing idealTree:node_modules/is-extglob Completed in 0ms
216 silly placeDep ROOT argparse@2.0.1 OK for: js-yaml@4.1.0 want: ^2.0.1
217 timing idealTree:node_modules/js-yaml Completed in 1ms
218 timing idealTree:node_modules/argparse Completed in 0ms
219 silly placeDep ROOT p-locate@5.0.0 OK for: locate-path@6.0.0 want: ^5.0.0
220 silly fetch manifest p-limit@^3.0.2
221 http fetch GET 200 https://registry.npmjs.org/p-limit 55ms (cache miss)
222 timing idealTree:node_modules/locate-path Completed in 58ms
223 silly placeDep ROOT chalk@4.1.2 OK for: log-symbols@4.1.0 want: ^4.1.0
224 silly placeDep ROOT is-unicode-supported@0.1.0 OK for: log-symbols@4.1.0 want: ^0.1.0
225 silly fetch manifest ansi-styles@^4.1.0
226 silly fetch manifest supports-color@^7.1.0
227 http fetch GET 200 https://registry.npmjs.org/ansi-styles 58ms (cache miss)
228 timing idealTree:node_modules/log-symbols Completed in 65ms
229 silly placeDep ROOT ansi-styles@4.3.0 OK for: chalk@4.1.2 want: ^4.1.0
230 silly placeDep node_modules/chalk supports-color@7.2.0 OK for: chalk@4.1.2 want: ^7.1.0
231 silly fetch manifest color-convert@^2.0.1
232 http fetch GET 200 https://registry.npmjs.org/color-convert 37ms (cache miss)
233 timing idealTree:node_modules/chalk Completed in 43ms
234 silly placeDep ROOT color-convert@2.0.1 OK for: ansi-styles@4.3.0 want: ^2.0.1
235 silly fetch manifest color-name@~1.1.4
236 http fetch GET 200 https://registry.npmjs.org/color-name 60ms (cache miss)
237 timing idealTree:node_modules/ansi-styles Completed in 63ms
238 silly placeDep ROOT color-name@1.1.4 OK for: color-convert@2.0.1 want: ~1.1.4
239 timing idealTree:node_modules/color-convert Completed in 3ms
240 timing idealTree:node_modules/color-name Completed in 0ms
241 timing idealTree:node_modules/is-unicode-supported Completed in 0ms
242 silly placeDep ROOT brace-expansion@2.0.1 OK for: minimatch@5.1.6 want: ^2.0.1
243 silly fetch manifest balanced-match@^1.0.0
244 http fetch GET 200 https://registry.npmjs.org/balanced-match 36ms (cache miss)
245 timing idealTree:node_modules/minimatch Completed in 42ms
246 silly placeDep ROOT balanced-match@1.0.2 OK for: brace-expansion@2.0.1 want: ^1.0.0
247 timing idealTree:node_modules/brace-expansion Completed in 1ms
248 timing idealTree:node_modules/balanced-match Completed in 0ms
249 timing idealTree:node_modules/ms Completed in 0ms
250 timing idealTree:node_modules/normalize-path Completed in 0ms
251 timing idealTree:node_modules/once Completed in 0ms
252 silly placeDep ROOT p-limit@3.1.0 OK for: p-locate@5.0.0 want: ^3.0.2
253 silly fetch manifest yocto-queue@^0.1.0
254 http fetch GET 200 https://registry.npmjs.org/yocto-queue 47ms (cache miss)
255 timing idealTree:node_modules/p-locate Completed in 48ms
256 silly placeDep ROOT yocto-queue@0.1.0 OK for: p-limit@3.1.0 want: ^0.1.0
257 timing idealTree:node_modules/p-limit Completed in 2ms
258 timing idealTree:node_modules/path-exists Completed in 0ms
259 timing idealTree:node_modules/picomatch Completed in 0ms
260 timing idealTree:node_modules/readdirp Completed in 0ms
261 silly placeDep ROOT randombytes@2.1.0 OK for: serialize-javascript@6.0.2 want: ^2.1.0
262 silly fetch manifest safe-buffer@^5.1.0
263 http fetch GET 200 https://registry.npmjs.org/safe-buffer 45ms (cache miss)
264 timing idealTree:node_modules/serialize-javascript Completed in 50ms
265 silly placeDep ROOT safe-buffer@5.2.1 OK for: randombytes@2.1.0 want: ^5.1.0
266 timing idealTree:node_modules/randombytes Completed in 2ms
267 timing idealTree:node_modules/safe-buffer Completed in 0ms
268 timing idealTree:node_modules/strip-json-comments Completed in 0ms
269 silly placeDep ROOT has-flag@4.0.0 OK for: supports-color@8.1.1 want: ^4.0.0
270 timing idealTree:node_modules/supports-color Completed in 2ms
271 timing idealTree:node_modules/has-flag Completed in 0ms
272 silly placeDep ROOT is-number@7.0.0 OK for: to-regex-range@5.0.1 want: ^7.0.0
273 timing idealTree:node_modules/to-regex-range Completed in 1ms
274 timing idealTree:node_modules/is-number Completed in 0ms
275 timing idealTree:node_modules/workerpool Completed in 0ms
276 timing idealTree:node_modules/wrappy Completed in 0ms
277 silly placeDep ROOT cliui@7.0.4 OK for: yargs@16.2.0 want: ^7.0.2
278 silly placeDep ROOT escalade@3.2.0 OK for: yargs@16.2.0 want: ^3.1.1
279 silly placeDep ROOT get-caller-file@2.0.5 OK for: yargs@16.2.0 want: ^2.0.5
280 silly placeDep ROOT require-directory@2.1.1 OK for: yargs@16.2.0 want: ^2.1.1
281 silly placeDep ROOT string-width@4.2.3 OK for: yargs@16.2.0 want: ^4.2.0
282 silly placeDep ROOT y18n@5.0.8 OK for: yargs@16.2.0 want: ^5.0.5
283 silly fetch manifest wrap-ansi@^7.0.0
284 silly fetch manifest strip-ansi@^6.0.0
285 silly fetch manifest strip-ansi@^6.0.1
286 silly fetch manifest emoji-regex@^8.0.0
287 silly fetch manifest is-fullwidth-code-point@^3.0.0
288 http fetch GET 200 https://registry.npmjs.org/emoji-regex 58ms (cache miss)
289 http fetch GET 200 https://registry.npmjs.org/wrap-ansi 74ms (cache miss)
290 http fetch GET 200 https://registry.npmjs.org/strip-ansi 75ms (cache miss)
291 http fetch GET 200 https://registry.npmjs.org/is-fullwidth-code-point 75ms (cache miss)
292 timing idealTree:node_modules/yargs Completed in 104ms
293 silly placeDep ROOT strip-ansi@6.0.1 OK for: cliui@7.0.4 want: ^6.0.0
294 silly placeDep ROOT wrap-ansi@7.0.0 OK for: cliui@7.0.4 want: ^7.0.0
295 silly fetch manifest ansi-regex@^5.0.1
296 http fetch GET 200 https://registry.npmjs.org/ansi-regex 43ms (cache miss)
297 timing idealTree:node_modules/cliui Completed in 50ms
298 timing idealTree:node_modules/escalade Completed in 0ms
299 timing idealTree:node_modules/get-caller-file Completed in 0ms
300 timing idealTree:node_modules/require-directory Completed in 0ms
301 silly placeDep ROOT emoji-regex@8.0.0 OK for: string-width@4.2.3 want: ^8.0.0
302 silly placeDep ROOT is-fullwidth-code-point@3.0.0 OK for: string-width@4.2.3 want: ^3.0.0
303 timing idealTree:node_modules/string-width Completed in 4ms
304 timing idealTree:node_modules/emoji-regex Completed in 0ms
305 timing idealTree:node_modules/is-fullwidth-code-point Completed in 0ms
306 silly placeDep ROOT ansi-regex@5.0.1 OK for: strip-ansi@6.0.1 want: ^5.0.1
307 timing idealTree:node_modules/strip-ansi Completed in 2ms
308 timing idealTree:node_modules/ansi-regex Completed in 0ms
309 timing idealTree:node_modules/wrap-ansi Completed in 0ms
310 timing idealTree:node_modules/y18n Completed in 0ms
311 timing idealTree:node_modules/yargs-parser Completed in 0ms
312 silly placeDep ROOT camelcase@6.3.0 OK for: yargs-unparser@2.0.0 want: ^6.0.0
313 silly placeDep ROOT decamelize@4.0.0 OK for: yargs-unparser@2.0.0 want: ^4.0.0
314 silly placeDep ROOT flat@5.0.2 OK for: yargs-unparser@2.0.0 want: ^5.0.2
315 silly placeDep ROOT is-plain-obj@2.1.0 OK for: yargs-unparser@2.0.0 want: ^2.1.0
316 timing idealTree:node_modules/yargs-unparser Completed in 19ms
317 timing idealTree:node_modules/camelcase Completed in 0ms
318 timing idealTree:node_modules/decamelize Completed in 0ms
319 timing idealTree:node_modules/flat Completed in 0ms
320 timing idealTree:node_modules/is-plain-obj Completed in 0ms
321 timing idealTree:node_modules/yocto-queue Completed in 0ms
322 timing idealTree:node_modules/chalk/node_modules/supports-color Completed in 0ms
323 timing idealTree:buildDeps Completed in 2058ms
324 timing idealTree:fixDepFlags Completed in 2ms
325 warn EBADENGINE Unsupported engine {
325 warn EBADENGINE   package: 'merge-descriptors@2.0.0',
325 warn EBADENGINE   required: { node: '>=18' },
325 warn EBADENGINE   current: { node: 'v12.22.9', npm: '8.5.1' }
325 warn EBADENGINE }
326 warn EBADENGINE Unsupported engine {
326 warn EBADENGINE   package: 'mocha@10.7.3',
326 warn EBADENGINE   required: { node: '>= 14.0.0' },
326 warn EBADENGINE   current: { node: 'v12.22.9', npm: '8.5.1' }
326 warn EBADENGINE }
327 timing idealTree Completed in 2120ms
328 timing reify:loadTrees Completed in 2122ms
329 timing reify:diffTrees Completed in 4ms
330 silly reify moves {}
331 timing reify:retireShallow Completed in 1ms
332 timing reify:createSparse Completed in 24ms
333 timing reify:loadBundles Completed in 0ms
334 silly audit bulk request {
334 silly audit   'merge-descriptors': [ '2.0.0' ],
334 silly audit   mocha: [ '10.7.3' ],
334 silly audit   'ansi-colors': [ '4.1.3' ],
334 silly audit   'browser-stdout': [ '1.3.1' ],
334 silly audit   chokidar: [ '3.6.0' ],
334 silly audit   debug: [ '4.3.7' ],
334 silly audit   diff: [ '5.2.0' ],
334 silly audit   'escape-string-regexp': [ '4.0.0' ],
334 silly audit   'find-up': [ '5.0.0' ],
334 silly audit   glob: [ '8.1.0' ],
334 silly audit   he: [ '1.2.0' ],
334 silly audit   'js-yaml': [ '4.1.0' ],
334 silly audit   'log-symbols': [ '4.1.0' ],
334 silly audit   minimatch: [ '5.1.6' ],
334 silly audit   ms: [ '2.1.3' ],
334 silly audit   'serialize-javascript': [ '6.0.2' ],
334 silly audit   'strip-json-comments': [ '3.1.1' ],
334 silly audit   'supports-color': [ '8.1.1', '7.2.0' ],
334 silly audit   workerpool: [ '6.5.1' ],
334 silly audit   yargs: [ '16.2.0' ],
334 silly audit   'yargs-parser': [ '20.2.9' ],
334 silly audit   'yargs-unparser': [ '2.0.0' ],
334 silly audit   anymatch: [ '3.1.3' ],
334 silly audit   braces: [ '3.0.3' ],
334 silly audit   fsevents: [ '2.3.3' ],
334 silly audit   'glob-parent': [ '5.1.2' ],
334 silly audit   'is-binary-path': [ '2.1.0' ],
334 silly audit   'is-glob': [ '4.0.3' ],
334 silly audit   'normalize-path': [ '3.0.0' ],
334 silly audit   readdirp: [ '3.6.0' ],
334 silly audit   picomatch: [ '2.3.1' ],
334 silly audit   'fill-range': [ '7.1.1' ],
334 silly audit   'to-regex-range': [ '5.0.1' ],
334 silly audit   'locate-path': [ '6.0.0' ],
334 silly audit   'path-exists': [ '4.0.0' ],
334 silly audit   'fs.realpath': [ '1.0.0' ],
334 silly audit   inflight: [ '1.0.6' ],
334 silly audit   inherits: [ '2.0.4' ],
334 silly audit   once: [ '1.4.0' ],
334 silly audit   wrappy: [ '1.0.2' ],
334 silly audit   'binary-extensions': [ '2.3.0' ],
334 silly audit   'is-extglob': [ '2.1.1' ],
334 silly audit   argparse: [ '2.0.1' ],
334 silly audit   'p-locate': [ '5.0.0' ],
334 silly audit   chalk: [ '4.1.2' ],
334 silly audit   'is-unicode-supported': [ '0.1.0' ],
334 silly audit   'ansi-styles': [ '4.3.0' ],
334 silly audit   'color-convert': [ '2.0.1' ],
334 silly audit   'color-name': [ '1.1.4' ],
334 silly audit   'brace-expansion': [ '2.0.1' ],
334 silly audit   'balanced-match': [ '1.0.2' ],
334 silly audit   'p-limit': [ '3.1.0' ],
334 silly audit   'yocto-queue': [ '0.1.0' ],
334 silly audit   randombytes: [ '2.1.0' ],
334 silly audit   'safe-buffer': [ '5.2.1' ],
334 silly audit   'has-flag': [ '4.0.0' ],
334 silly audit   'is-number': [ '7.0.0' ],
334 silly audit   cliui: [ '7.0.4' ],
334 silly audit   escalade: [ '3.2.0' ],
334 silly audit   'get-caller-file': [ '2.0.5' ],
334 silly audit   'require-directory': [ '2.1.1' ],
334 silly audit   'string-width': [ '4.2.3' ],
334 silly audit   y18n: [ '5.0.8' ],
334 silly audit   'strip-ansi': [ '6.0.1' ],
334 silly audit   'wrap-ansi': [ '7.0.0' ],
334 silly audit   'emoji-regex': [ '8.0.0' ],
334 silly audit   'is-fullwidth-code-point': [ '3.0.0' ],
334 silly audit   'ansi-regex': [ '5.0.1' ],
334 silly audit   camelcase: [ '6.3.0' ],
334 silly audit   decamelize: [ '4.0.0' ],
334 silly audit   flat: [ '5.0.2' ],
334 silly audit   'is-plain-obj': [ '2.1.0' ]
334 silly audit }
335 verbose reify failed optional dependency /home/michael/node_modules/fsevents
336 silly reify mark deleted [ '/home/michael/node_modules/fsevents' ]
337 timing reifyNode:node_modules/fsevents Completed in 30ms
338 silly tarball no local data for is-plain-obj@https://registry.npmjs.org/is-plain-obj/-/is-plain-obj-2.1.0.tgz. Extracting by manifest.
339 silly tarball no local data for flat@https://registry.npmjs.org/flat/-/flat-5.0.2.tgz. Extracting by manifest.
340 silly tarball no local data for decamelize@https://registry.npmjs.org/decamelize/-/decamelize-4.0.0.tgz. Extracting by manifest.
341 silly tarball no local data for ansi-regex@https://registry.npmjs.org/ansi-regex/-/ansi-regex-5.0.1.tgz. Extracting by manifest.
342 silly tarball no local data for camelcase@https://registry.npmjs.org/camelcase/-/camelcase-6.3.0.tgz. Extracting by manifest.
343 silly tarball no local data for emoji-regex@https://registry.npmjs.org/emoji-regex/-/emoji-regex-8.0.0.tgz. Extracting by manifest.
344 silly tarball no local data for is-fullwidth-code-point@https://registry.npmjs.org/is-fullwidth-code-point/-/is-fullwidth-code-point-3.0.0.tgz. Extracting by manifest.
345 silly tarball no local data for wrap-ansi@https://registry.npmjs.org/wrap-ansi/-/wrap-ansi-7.0.0.tgz. Extracting by manifest.
346 silly tarball no local data for strip-ansi@https://registry.npmjs.org/strip-ansi/-/strip-ansi-6.0.1.tgz. Extracting by manifest.
347 silly tarball no local data for y18n@https://registry.npmjs.org/y18n/-/y18n-5.0.8.tgz. Extracting by manifest.
348 silly tarball no local data for string-width@https://registry.npmjs.org/string-width/-/string-width-4.2.3.tgz. Extracting by manifest.
349 silly tarball no local data for require-directory@https://registry.npmjs.org/require-directory/-/require-directory-2.1.1.tgz. Extracting by manifest.
350 silly tarball no local data for get-caller-file@https://registry.npmjs.org/get-caller-file/-/get-caller-file-2.0.5.tgz. Extracting by manifest.
351 silly tarball no local data for escalade@https://registry.npmjs.org/escalade/-/escalade-3.2.0.tgz. Extracting by manifest.
352 silly tarball no local data for cliui@https://registry.npmjs.org/cliui/-/cliui-7.0.4.tgz. Extracting by manifest.
353 silly tarball no local data for is-number@https://registry.npmjs.org/is-number/-/is-number-7.0.0.tgz. Extracting by manifest.
354 silly tarball no local data for has-flag@https://registry.npmjs.org/has-flag/-/has-flag-4.0.0.tgz. Extracting by manifest.
355 silly tarball no local data for yocto-queue@https://registry.npmjs.org/yocto-queue/-/yocto-queue-0.1.0.tgz. Extracting by manifest.
356 silly tarball no local data for randombytes@https://registry.npmjs.org/randombytes/-/randombytes-2.1.0.tgz. Extracting by manifest.
357 silly tarball no local data for balanced-match@https://registry.npmjs.org/balanced-match/-/balanced-match-1.0.2.tgz. Extracting by manifest.
358 silly tarball no local data for p-limit@https://registry.npmjs.org/p-limit/-/p-limit-3.1.0.tgz. Extracting by manifest.
359 silly tarball no local data for brace-expansion@https://registry.npmjs.org/brace-expansion/-/brace-expansion-2.0.1.tgz. Extracting by manifest.
360 silly tarball no local data for color-name@https://registry.npmjs.org/color-name/-/color-name-1.1.4.tgz. Extracting by manifest.
361 silly tarball no local data for color-convert@https://registry.npmjs.org/color-convert/-/color-convert-2.0.1.tgz. Extracting by manifest.
362 silly tarball no local data for ansi-styles@https://registry.npmjs.org/ansi-styles/-/ansi-styles-4.3.0.tgz. Extracting by manifest.
363 silly tarball no local data for is-unicode-supported@https://registry.npmjs.org/is-unicode-supported/-/is-unicode-supported-0.1.0.tgz. Extracting by manifest.
364 silly tarball no local data for chalk@https://registry.npmjs.org/chalk/-/chalk-4.1.2.tgz. Extracting by manifest.
365 silly tarball no local data for p-locate@https://registry.npmjs.org/p-locate/-/p-locate-5.0.0.tgz. Extracting by manifest.
366 silly tarball no local data for is-extglob@https://registry.npmjs.org/is-extglob/-/is-extglob-2.1.1.tgz. Extracting by manifest.
367 silly tarball no local data for binary-extensions@https://registry.npmjs.org/binary-extensions/-/binary-extensions-2.3.0.tgz. Extracting by manifest.
368 silly tarball no local data for once@https://registry.npmjs.org/once/-/once-1.4.0.tgz. Extracting by manifest.
369 silly tarball no local data for wrappy@https://registry.npmjs.org/wrappy/-/wrappy-1.0.2.tgz. Extracting by manifest.
370 silly tarball no local data for fs.realpath@https://registry.npmjs.org/fs.realpath/-/fs.realpath-1.0.0.tgz. Extracting by manifest.
371 silly tarball no local data for path-exists@https://registry.npmjs.org/path-exists/-/path-exists-4.0.0.tgz. Extracting by manifest.
372 silly tarball no local data for locate-path@https://registry.npmjs.org/locate-path/-/locate-path-6.0.0.tgz. Extracting by manifest.
373 silly tarball no local data for to-regex-range@https://registry.npmjs.org/to-regex-range/-/to-regex-range-5.0.1.tgz. Extracting by manifest.
374 silly tarball no local data for fill-range@https://registry.npmjs.org/fill-range/-/fill-range-7.1.1.tgz. Extracting by manifest.
375 silly tarball no local data for picomatch@https://registry.npmjs.org/picomatch/-/picomatch-2.3.1.tgz. Extracting by manifest.
376 silly tarball no local data for readdirp@https://registry.npmjs.org/readdirp/-/readdirp-3.6.0.tgz. Extracting by manifest.
377 silly tarball no local data for normalize-path@https://registry.npmjs.org/normalize-path/-/normalize-path-3.0.0.tgz. Extracting by manifest.
378 silly tarball no local data for is-binary-path@https://registry.npmjs.org/is-binary-path/-/is-binary-path-2.1.0.tgz. Extracting by manifest.
379 silly tarball no local data for glob-parent@https://registry.npmjs.org/glob-parent/-/glob-parent-5.1.2.tgz. Extracting by manifest.
380 silly tarball no local data for braces@https://registry.npmjs.org/braces/-/braces-3.0.3.tgz. Extracting by manifest.
381 silly tarball no local data for anymatch@https://registry.npmjs.org/anymatch/-/anymatch-3.1.3.tgz. Extracting by manifest.
382 silly tarball no local data for yargs-unparser@https://registry.npmjs.org/yargs-unparser/-/yargs-unparser-2.0.0.tgz. Extracting by manifest.
383 silly tarball no local data for yargs-parser@https://registry.npmjs.org/yargs-parser/-/yargs-parser-20.2.9.tgz. Extracting by manifest.
384 silly tarball no local data for yargs@https://registry.npmjs.org/yargs/-/yargs-16.2.0.tgz. Extracting by manifest.
385 silly tarball no local data for inflight@https://registry.npmjs.org/inflight/-/inflight-1.0.6.tgz. Extracting by manifest.
386 silly tarball no local data for argparse@https://registry.npmjs.org/argparse/-/argparse-2.0.1.tgz. Extracting by manifest.
387 silly tarball no local data for strip-json-comments@https://registry.npmjs.org/strip-json-comments/-/strip-json-comments-3.1.1.tgz. Extracting by manifest.
388 silly tarball no local data for serialize-javascript@https://registry.npmjs.org/serialize-javascript/-/serialize-javascript-6.0.2.tgz. Extracting by manifest.
389 silly tarball no local data for workerpool@https://registry.npmjs.org/workerpool/-/workerpool-6.5.1.tgz. Extracting by manifest.
390 silly tarball no local data for minimatch@https://registry.npmjs.org/minimatch/-/minimatch-5.1.6.tgz. Extracting by manifest.
391 silly tarball no local data for log-symbols@https://registry.npmjs.org/log-symbols/-/log-symbols-4.1.0.tgz. Extracting by manifest.
392 silly tarball no local data for js-yaml@https://registry.npmjs.org/js-yaml/-/js-yaml-4.1.0.tgz. Extracting by manifest.
393 silly tarball no local data for supports-color@https://registry.npmjs.org/supports-color/-/supports-color-8.1.1.tgz. Extracting by manifest.
394 silly tarball no local data for he@https://registry.npmjs.org/he/-/he-1.2.0.tgz. Extracting by manifest.
395 silly tarball no local data for glob@https://registry.npmjs.org/glob/-/glob-8.1.0.tgz. Extracting by manifest.
396 silly tarball no local data for find-up@https://registry.npmjs.org/find-up/-/find-up-5.0.0.tgz. Extracting by manifest.
397 silly tarball no local data for diff@https://registry.npmjs.org/diff/-/diff-5.2.0.tgz. Extracting by manifest.
398 silly tarball no local data for is-glob@https://registry.npmjs.org/is-glob/-/is-glob-4.0.3.tgz. Extracting by manifest.
399 silly tarball no local data for chokidar@https://registry.npmjs.org/chokidar/-/chokidar-3.6.0.tgz. Extracting by manifest.
400 silly tarball no local data for browser-stdout@https://registry.npmjs.org/browser-stdout/-/browser-stdout-1.3.1.tgz. Extracting by manifest.
401 silly tarball no local data for ansi-colors@https://registry.npmjs.org/ansi-colors/-/ansi-colors-4.1.3.tgz. Extracting by manifest.
402 silly tarball no local data for mocha@https://registry.npmjs.org/mocha/-/mocha-10.7.3.tgz. Extracting by manifest.
403 silly tarball no local data for supports-color@https://registry.npmjs.org/supports-color/-/supports-color-7.2.0.tgz. Extracting by manifest.
404 silly tarball no local data for debug@https://registry.npmjs.org/debug/-/debug-4.3.7.tgz. Extracting by manifest.
405 silly tarball no local data for escape-string-regexp@https://registry.npmjs.org/escape-string-regexp/-/escape-string-regexp-4.0.0.tgz. Extracting by manifest.
406 http fetch POST 200 https://registry.npmjs.org/-/npm/v1/security/advisories/bulk 816ms
407 timing auditReport:getReport Completed in 823ms
408 silly audit report {}
409 timing auditReport:init Completed in 0ms
410 timing reify:audit Completed in 823ms
411 timing reifyNode:node_modules/ms Completed in 940ms
412 timing reifyNode:node_modules/inherits Completed in 954ms
413 timing reifyNode:node_modules/safe-buffer Completed in 1009ms
414 http fetch GET 200 https://registry.npmjs.org/ansi-regex/-/ansi-regex-5.0.1.tgz 1013ms (cache miss)
415 timing reifyNode:node_modules/ansi-regex Completed in 1092ms
416 http fetch GET 200 https://registry.npmjs.org/strip-ansi/-/strip-ansi-6.0.1.tgz 971ms (cache miss)
417 timing reifyNode:node_modules/strip-ansi Completed in 1104ms
418 http fetch GET 200 https://registry.npmjs.org/has-flag/-/has-flag-4.0.0.tgz 938ms (cache miss)
419 timing reifyNode:node_modules/has-flag Completed in 1115ms
420 http fetch GET 200 https://registry.npmjs.org/randombytes/-/randombytes-2.1.0.tgz 925ms (cache miss)
421 timing reifyNode:node_modules/randombytes Completed in 1121ms
422 http fetch GET 200 https://registry.npmjs.org/decamelize/-/decamelize-4.0.0.tgz 1064ms (cache miss)
423 timing reifyNode:node_modules/decamelize Completed in 1138ms
424 http fetch GET 200 https://registry.npmjs.org/p-locate/-/p-locate-5.0.0.tgz 878ms (cache miss)
425 timing reifyNode:node_modules/p-locate Completed in 1147ms
426 http fetch GET 200 https://registry.npmjs.org/once/-/once-1.4.0.tgz 864ms (cache miss)
427 timing reifyNode:node_modules/once Completed in 1156ms
428 http fetch GET 200 https://registry.npmjs.org/locate-path/-/locate-path-6.0.0.tgz 836ms (cache miss)
429 timing reifyNode:node_modules/locate-path Completed in 1162ms
430 http fetch GET 200 https://registry.npmjs.org/yocto-queue/-/yocto-queue-0.1.0.tgz 1001ms (cache miss)
431 timing reifyNode:node_modules/yocto-queue Completed in 1191ms
432 http fetch GET 200 https://registry.npmjs.org/balanced-match/-/balanced-match-1.0.2.tgz 994ms (cache miss)
433 timing reifyNode:node_modules/balanced-match Completed in 1194ms
434 http fetch GET 200 https://registry.npmjs.org/p-limit/-/p-limit-3.1.0.tgz 997ms (cache miss)
435 timing reifyNode:node_modules/p-limit Completed in 1202ms
436 http fetch GET 200 https://registry.npmjs.org/is-binary-path/-/is-binary-path-2.1.0.tgz 846ms (cache miss)
437 timing reifyNode:node_modules/is-binary-path Completed in 1205ms
438 http fetch GET 200 https://registry.npmjs.org/is-plain-obj/-/is-plain-obj-2.1.0.tgz 1156ms (cache miss)
439 timing reifyNode:node_modules/is-plain-obj Completed in 1220ms
440 http fetch GET 200 https://registry.npmjs.org/is-unicode-supported/-/is-unicode-supported-0.1.0.tgz 983ms (cache miss)
441 timing reifyNode:node_modules/is-unicode-supported Completed in 1233ms
442 http fetch GET 200 https://registry.npmjs.org/binary-extensions/-/binary-extensions-2.3.0.tgz 961ms (cache miss)
443 timing reifyNode:node_modules/binary-extensions Completed in 1237ms
444 http fetch GET 200 https://registry.npmjs.org/inflight/-/inflight-1.0.6.tgz 841ms (cache miss)
445 warn deprecated inflight@1.0.6: This module is not supported, and leaks memory. Do not use it. Check out lru-cache if you want a good and tested way to coalesce async requests by a key value, which is much more comprehensive and powerful.
446 timing reifyNode:node_modules/inflight Completed in 1243ms
447 http fetch GET 200 https://registry.npmjs.org/escalade/-/escalade-3.2.0.tgz 1096ms (cache miss)
448 timing reifyNode:node_modules/escalade Completed in 1258ms
449 http fetch GET 200 https://registry.npmjs.org/path-exists/-/path-exists-4.0.0.tgz 954ms (cache miss)
450 timing reifyNode:node_modules/path-exists Completed in 1274ms
451 http fetch GET 200 https://registry.npmjs.org/strip-json-comments/-/strip-json-comments-3.1.1.tgz 871ms (cache miss)
452 timing reifyNode:node_modules/strip-json-comments Completed in 1280ms
453 http fetch GET 200 https://registry.npmjs.org/normalize-path/-/normalize-path-3.0.0.tgz 933ms (cache miss)
454 timing reifyNode:node_modules/normalize-path Completed in 1288ms
455 http fetch GET 200 https://registry.npmjs.org/yargs-unparser/-/yargs-unparser-2.0.0.tgz 911ms (cache miss)
456 timing reifyNode:node_modules/yargs-unparser Completed in 1292ms
457 http fetch GET 200 https://registry.npmjs.org/browser-stdout/-/browser-stdout-1.3.1.tgz 799ms (cache miss)
458 timing reifyNode:node_modules/browser-stdout Completed in 1301ms
459 http fetch GET 200 https://registry.npmjs.org/supports-color/-/supports-color-7.2.0.tgz 793ms (cache miss)
460 timing reifyNode:node_modules/chalk/node_modules/supports-color Completed in 1317ms
461 http fetch GET 200 https://registry.npmjs.org/is-fullwidth-code-point/-/is-fullwidth-code-point-3.0.0.tgz 1226ms (cache miss)
462 timing reifyNode:node_modules/is-fullwidth-code-point Completed in 1324ms
463 http fetch GET 200 https://registry.npmjs.org/escape-string-regexp/-/escape-string-regexp-4.0.0.tgz 799ms (cache miss)
464 timing reifyNode:node_modules/escape-string-regexp Completed in 1330ms
465 http fetch GET 200 https://registry.npmjs.org/wrap-ansi/-/wrap-ansi-7.0.0.tgz 1236ms (cache miss)
466 timing reifyNode:node_modules/wrap-ansi Completed in 1340ms
467 http fetch GET 200 https://registry.npmjs.org/string-width/-/string-width-4.2.3.tgz 1209ms (cache miss)
468 timing reifyNode:node_modules/string-width Completed in 1352ms
469 http fetch GET 200 https://registry.npmjs.org/log-symbols/-/log-symbols-4.1.0.tgz 930ms (cache miss)
470 timing reifyNode:node_modules/log-symbols Completed in 1360ms
471 http fetch GET 200 https://registry.npmjs.org/camelcase/-/camelcase-6.3.0.tgz 1304ms (cache miss)
472 timing reifyNode:node_modules/camelcase Completed in 1393ms
473 http fetch GET 200 https://registry.npmjs.org/is-number/-/is-number-7.0.0.tgz 1227ms (cache miss)
474 timing reifyNode:node_modules/is-number Completed in 1400ms
475 http fetch GET 200 https://registry.npmjs.org/color-name/-/color-name-1.1.4.tgz 1183ms (cache miss)
476 timing reifyNode:node_modules/color-name Completed in 1404ms
477 http fetch GET 200 https://registry.npmjs.org/is-extglob/-/is-extglob-2.1.1.tgz 1136ms (cache miss)
478 timing reifyNode:node_modules/is-extglob Completed in 1409ms
479 http fetch GET 200 https://registry.npmjs.org/wrappy/-/wrappy-1.0.2.tgz 1111ms (cache miss)
480 timing reifyNode:node_modules/wrappy Completed in 1414ms
481 http fetch GET 200 https://registry.npmjs.org/to-regex-range/-/to-regex-range-5.0.1.tgz 1087ms (cache miss)
482 timing reifyNode:node_modules/to-regex-range Completed in 1418ms
483 http fetch GET 200 https://registry.npmjs.org/brace-expansion/-/brace-expansion-2.0.1.tgz 1219ms (cache miss)
484 timing reifyNode:node_modules/brace-expansion Completed in 1427ms
485 http fetch GET 200 https://registry.npmjs.org/glob-parent/-/glob-parent-5.1.2.tgz 1063ms (cache miss)
486 timing reifyNode:node_modules/glob-parent Completed in 1430ms
487 http fetch GET 200 https://registry.npmjs.org/glob/-/glob-8.1.0.tgz 1001ms (cache miss)
488 warn deprecated glob@8.1.0: Glob versions prior to v9 are no longer supported
489 timing reifyNode:node_modules/glob Completed in 1457ms
490 http fetch GET 200 https://registry.npmjs.org/flat/-/flat-5.0.2.tgz 1404ms (cache miss)
491 timing reifyNode:node_modules/flat Completed in 1475ms
492 http fetch GET 200 https://registry.npmjs.org/require-directory/-/require-directory-2.1.1.tgz 1331ms (cache miss)
493 timing reifyNode:node_modules/require-directory Completed in 1477ms
494 http fetch GET 200 https://registry.npmjs.org/chalk/-/chalk-4.1.2.tgz 1218ms (cache miss)
495 timing reifyNode:node_modules/chalk Completed in 1481ms
496 http fetch GET 200 https://registry.npmjs.org/readdirp/-/readdirp-3.6.0.tgz 1134ms (cache miss)
497 timing reifyNode:node_modules/readdirp Completed in 1484ms
498 http fetch GET 200 https://registry.npmjs.org/serialize-javascript/-/serialize-javascript-6.0.2.tgz 1071ms (cache miss)
499 timing reifyNode:node_modules/serialize-javascript Completed in 1488ms
500 http fetch GET 200 https://registry.npmjs.org/color-convert/-/color-convert-2.0.1.tgz 1266ms (cache miss)
501 timing reifyNode:node_modules/color-convert Completed in 1503ms
502 http fetch GET 200 https://registry.npmjs.org/fs.realpath/-/fs.realpath-1.0.0.tgz 1191ms (cache miss)
503 timing reifyNode:node_modules/fs.realpath Completed in 1506ms
504 http fetch GET 200 https://registry.npmjs.org/is-glob/-/is-glob-4.0.3.tgz 1032ms (cache miss)
505 timing reifyNode:node_modules/is-glob Completed in 1524ms
506 http fetch GET 200 https://registry.npmjs.org/y18n/-/y18n-5.0.8.tgz 1393ms (cache miss)
507 timing reifyNode:node_modules/y18n Completed in 1531ms
508 http fetch GET 200 https://registry.npmjs.org/get-caller-file/-/get-caller-file-2.0.5.tgz 1384ms (cache miss)
509 timing reifyNode:node_modules/get-caller-file Completed in 1535ms
510 http fetch GET 200 https://registry.npmjs.org/minimatch/-/minimatch-5.1.6.tgz 1120ms (cache miss)
511 timing reifyNode:node_modules/minimatch Completed in 1547ms
512 http fetch GET 200 https://registry.npmjs.org/supports-color/-/supports-color-8.1.1.tgz 1110ms (cache miss)
513 timing reifyNode:node_modules/supports-color Completed in 1555ms
514 http fetch GET 200 https://registry.npmjs.org/emoji-regex/-/emoji-regex-8.0.0.tgz 1471ms (cache miss)
515 timing reifyNode:node_modules/emoji-regex Completed in 1564ms
516 http fetch GET 200 https://registry.npmjs.org/ansi-styles/-/ansi-styles-4.3.0.tgz 1324ms (cache miss)
517 timing reifyNode:node_modules/ansi-styles Completed in 1567ms
518 http fetch GET 200 https://registry.npmjs.org/anymatch/-/anymatch-3.1.3.tgz 1191ms (cache miss)
519 timing reifyNode:node_modules/anymatch Completed in 1568ms
520 http fetch GET 200 https://registry.npmjs.org/find-up/-/find-up-5.0.0.tgz 1114ms (cache miss)
521 timing reifyNode:node_modules/find-up Completed in 1573ms
522 http fetch GET 200 https://registry.npmjs.org/fill-range/-/fill-range-7.1.1.tgz 1250ms (cache miss)
523 timing reifyNode:node_modules/fill-range Completed in 1587ms
524 http fetch GET 200 https://registry.npmjs.org/ansi-colors/-/ansi-colors-4.1.3.tgz 1083ms (cache miss)
525 timing reifyNode:node_modules/ansi-colors Completed in 1591ms
526 http fetch GET 200 https://registry.npmjs.org/cliui/-/cliui-7.0.4.tgz 1430ms (cache miss)
527 timing reifyNode:node_modules/cliui Completed in 1599ms
528 http fetch GET 200 https://registry.npmjs.org/debug/-/debug-4.3.7.tgz 1097ms (cache miss)
529 timing reifyNode:node_modules/debug Completed in 1622ms
530 http fetch GET 200 https://registry.npmjs.org/he/-/he-1.2.0.tgz 1179ms (cache miss)
531 timing reifyNode:node_modules/he Completed in 1627ms
532 http fetch GET 200 https://registry.npmjs.org/braces/-/braces-3.0.3.tgz 1265ms (cache miss)
533 timing reifyNode:node_modules/braces Completed in 1639ms
534 http fetch GET 200 https://registry.npmjs.org/chokidar/-/chokidar-3.6.0.tgz 1148ms (cache miss)
535 timing reifyNode:node_modules/chokidar Completed in 1645ms
536 http fetch GET 200 https://registry.npmjs.org/picomatch/-/picomatch-2.3.1.tgz 1316ms (cache miss)
537 timing reifyNode:node_modules/picomatch Completed in 1657ms
538 http fetch GET 200 https://registry.npmjs.org/argparse/-/argparse-2.0.1.tgz 1267ms (cache miss)
539 timing reifyNode:node_modules/argparse Completed in 1673ms
540 http fetch GET 200 https://registry.npmjs.org/yargs-parser/-/yargs-parser-20.2.9.tgz 1293ms (cache miss)
541 timing reifyNode:node_modules/yargs-parser Completed in 1678ms
542 http fetch GET 200 https://registry.npmjs.org/workerpool/-/workerpool-6.5.1.tgz 1323ms (cache miss)
543 timing reifyNode:node_modules/workerpool Completed in 1745ms
544 http fetch GET 200 https://registry.npmjs.org/diff/-/diff-5.2.0.tgz 1286ms (cache miss)
545 timing reifyNode:node_modules/diff Completed in 1780ms
546 http fetch GET 200 https://registry.npmjs.org/js-yaml/-/js-yaml-4.1.0.tgz 1357ms (cache miss)
547 timing reifyNode:node_modules/js-yaml Completed in 1791ms
548 http fetch GET 200 https://registry.npmjs.org/yargs/-/yargs-16.2.0.tgz 1409ms (cache miss)
549 timing reifyNode:node_modules/yargs Completed in 1800ms
550 http fetch GET 200 https://registry.npmjs.org/mocha/-/mocha-10.7.3.tgz 1343ms (cache miss)
551 timing reifyNode:node_modules/mocha Completed in 1860ms
552 timing reify:unpack Completed in 1867ms
553 timing reify:unretire Completed in 1ms
554 timing build:queue Completed in 2ms
555 timing build:link:node_modules/flat Completed in 4ms
556 timing build:link:node_modules/he Completed in 3ms
557 timing build:link:node_modules/mocha Completed in 3ms
558 timing build:link:node_modules/js-yaml Completed in 3ms
559 timing build:link Completed in 4ms
560 timing build:deps Completed in 8ms
561 timing build Completed in 9ms
562 timing reify:build Completed in 9ms
563 timing reify:trash Completed in 4ms
564 timing reify:save Completed in 75ms
565 timing reify Completed in 4244ms
566 silly ADD node_modules/is-plain-obj
567 silly ADD node_modules/flat
568 silly ADD node_modules/decamelize
569 silly ADD node_modules/camelcase
570 silly ADD node_modules/ansi-regex
571 silly ADD node_modules/is-fullwidth-code-point
572 silly ADD node_modules/emoji-regex
573 silly ADD node_modules/wrap-ansi
574 silly ADD node_modules/strip-ansi
575 silly ADD node_modules/y18n
576 silly ADD node_modules/string-width
577 silly ADD node_modules/require-directory
578 silly ADD node_modules/get-caller-file
579 silly ADD node_modules/escalade
580 silly ADD node_modules/cliui
581 silly ADD node_modules/is-number
582 silly ADD node_modules/has-flag
583 silly ADD node_modules/safe-buffer
584 silly ADD node_modules/randombytes
585 silly ADD node_modules/yocto-queue
586 silly ADD node_modules/p-limit
587 silly ADD node_modules/balanced-match
588 silly ADD node_modules/brace-expansion
589 silly ADD node_modules/color-name
590 silly ADD node_modules/color-convert
591 silly ADD node_modules/ansi-styles
592 silly ADD node_modules/is-unicode-supported
593 silly ADD node_modules/chalk
594 silly ADD node_modules/chalk/node_modules/supports-color
595 silly ADD node_modules/p-locate
596 silly ADD node_modules/argparse
597 silly ADD node_modules/is-extglob
598 silly ADD node_modules/binary-extensions
599 silly ADD node_modules/wrappy
600 silly ADD node_modules/once
601 silly ADD node_modules/inherits
602 silly ADD node_modules/inflight
603 silly ADD node_modules/fs.realpath
604 silly ADD node_modules/path-exists
605 silly ADD node_modules/locate-path
606 silly ADD node_modules/to-regex-range
607 silly ADD node_modules/fill-range
608 silly ADD node_modules/picomatch
609 silly ADD node_modules/readdirp
610 silly ADD node_modules/normalize-path
611 silly ADD node_modules/is-glob
612 silly ADD node_modules/is-binary-path
613 silly ADD node_modules/glob-parent
614 silly ADD
615 silly ADD node_modules/braces
616 silly ADD node_modules/anymatch
617 silly ADD node_modules/yargs-unparser
618 silly ADD node_modules/yargs-parser
619 silly ADD node_modules/yargs
620 silly ADD node_modules/workerpool
621 silly ADD node_modules/supports-color
622 silly ADD node_modules/strip-json-comments
623 silly ADD node_modules/serialize-javascript
624 silly ADD node_modules/ms
625 silly ADD node_modules/minimatch
626 silly ADD node_modules/log-symbols
627 silly ADD node_modules/js-yaml
628 silly ADD node_modules/he
629 silly ADD node_modules/glob
630 silly ADD node_modules/find-up
631 silly ADD node_modules/escape-string-regexp
632 silly ADD node_modules/diff
633 silly ADD node_modules/debug
634 silly ADD node_modules/chokidar
635 silly ADD node_modules/browser-stdout
636 silly ADD node_modules/ansi-colors
637 silly ADD node_modules/mocha
638 timing command:install Completed in 4258ms
639 verbose exit 0
640 timing npm Completed in 4981ms
641 info ok
